Flow report for mux_2x1
Thu Sep  5 08:15:53 2019
Quartus Prime Version 18.1.0 Build 625 09/12/2018 SJ Lite Edition


---------------------
; Table of Contents ;
---------------------
  1. Legal Notice
  2. Flow Summary
  3. Flow Settings
  4. Flow Non-Default Global Settings
  5. Flow Elapsed Time
  6. Flow OS Summary
  7. Flow Log
  8. Flow Messages
  9. Flow Suppressed Messages



----------------
; Legal Notice ;
----------------
Copyright (C) 2018  Intel Corporation. All rights reserved.
Your use of Intel Corporation's design tools, logic functions 
and other software and tools, and its AMPP partner logic 
functions, and any output files from any of the foregoing 
(including device programming or simulation files), and any 
associated documentation or information are expressly subject 
to the terms and conditions of the Intel Program License 
Subscription Agreement, the Intel Quartus Prime License Agreement,
the Intel FPGA IP License Agreement, or other applicable license
agreement, including, without limitation, that your use is for
the sole purpose of programming logic devices manufactured by
Intel and sold by Intel or its authorized distributors.  Please
refer to the applicable agreement for further details.



+----------------------------------------------------------------------------------------+
; Flow Summary                                                                           ;
+---------------------------------+------------------------------------------------------+
; Flow Status                     ; EDA Netlist Writer Failed - Thu Sep  5 08:15:53 2019 ;
; Quartus Prime Version           ; 18.1.0 Build 625 09/12/2018 SJ Lite Edition          ;
; Revision Name                   ; mux_2x1                                              ;
; Top-level Entity Name           ; mux_2x1                                              ;
; Family                          ; Cyclone V                                            ;
; Device                          ; 5CGXFC7C7F23C8                                       ;
; Timing Models                   ; Final                                                ;
; Logic utilization (in ALMs)     ; 1 / 56,480 ( < 1 % )                                 ;
; Total registers                 ; 0                                                    ;
; Total pins                      ; 4 / 268 ( 1 % )                                      ;
; Total virtual pins              ; 0                                                    ;
; Total block memory bits         ; 0 / 7,024,640 ( 0 % )                                ;
; Total DSP Blocks                ; 0 / 156 ( 0 % )                                      ;
; Total HSSI RX PCSs              ; 0 / 6 ( 0 % )                                        ;
; Total HSSI PMA RX Deserializers ; 0 / 6 ( 0 % )                                        ;
; Total HSSI TX PCSs              ; 0 / 6 ( 0 % )                                        ;
; Total HSSI PMA TX Serializers   ; 0 / 6 ( 0 % )                                        ;
; Total PLLs                      ; 0 / 13 ( 0 % )                                       ;
; Total DLLs                      ; 0 / 4 ( 0 % )                                        ;
+---------------------------------+------------------------------------------------------+


+-----------------------------------------+
; Flow Settings                           ;
+-------------------+---------------------+
; Option            ; Setting             ;
+-------------------+---------------------+
; Start date & time ; 09/05/2019 08:13:36 ;
; Main task         ; Compilation         ;
; Revision Name     ; mux_2x1             ;
+-------------------+---------------------+


+-----------------------------------------------------------------------------------------------------------------------------+
; Flow Non-Default Global Settings                                                                                            ;
+-------------------------------------+----------------------------------------+---------------+-------------+----------------+
; Assignment Name                     ; Value                                  ; Default Value ; Entity Name ; Section Id     ;
+-------------------------------------+----------------------------------------+---------------+-------------+----------------+
; COMPILER_SIGNATURE_ID               ; 277170158653759.156768201605403        ; --            ; --          ; --             ;
; EDA_OUTPUT_DATA_FORMAT              ; Vhdl                                   ; --            ; --          ; eda_simulation ;
; EDA_SIMULATION_TOOL                 ; ModelSim-Altera (VHDL)                 ; <None>        ; --          ; --             ;
; EDA_TIME_SCALE                      ; 1 ps                                   ; --            ; --          ; eda_simulation ;
; MAX_CORE_JUNCTION_TEMP              ; 85                                     ; --            ; --          ; --             ;
; MIN_CORE_JUNCTION_TEMP              ; 0                                      ; --            ; --          ; --             ;
; PARTITION_COLOR                     ; -- (Not supported for targeted family) ; --            ; --          ; Top            ;
; PARTITION_FITTER_PRESERVATION_LEVEL ; -- (Not supported for targeted family) ; --            ; --          ; Top            ;
; PARTITION_NETLIST_TYPE              ; -- (Not supported for targeted family) ; --            ; --          ; Top            ;
; PROJECT_OUTPUT_DIRECTORY            ; output_files                           ; --            ; --          ; --             ;
+-------------------------------------+----------------------------------------+---------------+-------------+----------------+


+--------------------------------------------------------------------------------------------------------------------------+
; Flow Elapsed Time                                                                                                        ;
+----------------------+--------------+-------------------------+---------------------+------------------------------------+
; Module Name          ; Elapsed Time ; Average Processors Used ; Peak Virtual Memory ; Total CPU Time (on all processors) ;
+----------------------+--------------+-------------------------+---------------------+------------------------------------+
; Analysis & Synthesis ; 00:00:22     ; 1.0                     ; 1033 MB             ; 00:00:41                           ;
; Fitter               ; 00:01:03     ; 1.0                     ; 2487 MB             ; 00:01:24                           ;
; Assembler            ; 00:00:19     ; 1.0                     ; 972 MB              ; 00:00:13                           ;
; Timing Analyzer      ; 00:00:09     ; 1.0                     ; 1203 MB             ; 00:00:07                           ;
; EDA Netlist Writer   ; 00:00:02     ; 1.0                     ; 1146 MB             ; 00:00:02                           ;
; EDA Netlist Writer   ; 00:00:01     ; 1.0                     ; 1132 MB             ; 00:00:01                           ;
; Total                ; 00:01:56     ; --                      ; --                  ; 00:02:28                           ;
+----------------------+--------------+-------------------------+---------------------+------------------------------------+


+----------------------------------------------------------------------------------------+
; Flow OS Summary                                                                        ;
+----------------------+------------------+----------------+------------+----------------+
; Module Name          ; Machine Hostname ; OS Name        ; OS Version ; Processor type ;
+----------------------+------------------+----------------+------------+----------------+
; Analysis & Synthesis ; A104-21L         ; Ubuntu 16.04.5 ; 16         ; x86_64         ;
; Fitter               ; A104-21L         ; Ubuntu 16.04.5 ; 16         ; x86_64         ;
; Assembler            ; A104-21L         ; Ubuntu 16.04.5 ; 16         ; x86_64         ;
; Timing Analyzer      ; A104-21L         ; Ubuntu 16.04.5 ; 16         ; x86_64         ;
; EDA Netlist Writer   ; A104-21L         ; Ubuntu 16.04.5 ; 16         ; x86_64         ;
; EDA Netlist Writer   ; A104-21L         ; Ubuntu 16.04.5 ; 16         ; x86_64         ;
+----------------------+------------------+----------------+------------+----------------+


------------
; Flow Log ;
------------
quartus_map --read_settings_files=on --write_settings_files=off mux_2x1 -c mux_2x1
quartus_fit --read_settings_files=off --write_settings_files=off mux_2x1 -c mux_2x1
quartus_asm --read_settings_files=off --write_settings_files=off mux_2x1 -c mux_2x1
quartus_sta mux_2x1 -c mux_2x1
quartus_eda --read_settings_files=off --write_settings_files=off mux_2x1 -c mux_2x1
quartus_eda --gen_testbench --tool=modelsim_oem --format=vhdl --write_settings_files=off mux_2x1 -c mux_2x1 --vector_source=/home/henriquedavid/Documentos/circuitos/Circuitos/mux_2x1/Waveform.vwf --testbench_file=/home/henriquedavid/Documentos/circuitos/Circuitos/mux_2x1/simulation/qsim/Waveform.vwf.vht



